{"level":"\u001b[32minfo\u001b[39m","message":"{\"method\":\"POST\",\"url\":\"/api/v1/users/login\",\"status\":\"200\",\"responseTime\":\"1345.265\"}","timestamp":"2024-11-21T11:09:04.408Z"}
{"level":"\u001b[32minfo\u001b[39m","message":"{\"method\":\"POST\",\"url\":\"/api/v1/users/login\",\"status\":\"200\",\"responseTime\":\"1548.226\"}","timestamp":"2024-11-21T11:12:07.568Z"}
{"level":"\u001b[32minfo\u001b[39m","message":"{\"method\":\"POST\",\"url\":\"/api/v1/users/login\",\"status\":\"200\",\"responseTime\":\"1767.245\"}","timestamp":"2024-11-21T11:15:35.207Z"}
{"level":"\u001b[32minfo\u001b[39m","message":"{\"method\":\"POST\",\"url\":\"/api/v1/vendor/register\",\"status\":\"500\",\"responseTime\":\"857.074\"}","timestamp":"2024-11-23T08:43:31.632Z"}
{"level":"\u001b[32minfo\u001b[39m","message":"{\"method\":\"POST\",\"url\":\"/api/v1/vendor/register\",\"status\":\"500\",\"responseTime\":\"588.367\"}","timestamp":"2024-11-23T08:54:03.183Z"}
{"level":"\u001b[32minfo\u001b[39m","message":"{\"method\":\"POST\",\"url\":\"/api/v1/vendor/register\",\"status\":\"500\",\"responseTime\":\"690.840\"}","timestamp":"2024-11-23T08:55:03.577Z"}
{"level":"\u001b[32minfo\u001b[39m","message":"{\"method\":\"POST\",\"url\":\"/api/v1/vendor/register\",\"status\":\"500\",\"responseTime\":\"582.635\"}","timestamp":"2024-11-23T08:58:15.407Z"}
{"level":"\u001b[32minfo\u001b[39m","message":"{\"method\":\"POST\",\"url\":\"/api/v1/vendor/register\",\"status\":\"500\",\"responseTime\":\"626.340\"}","timestamp":"2024-11-23T08:59:37.308Z"}
{"level":"\u001b[32minfo\u001b[39m","message":"{\"method\":\"POST\",\"url\":\"/api/v1/vendor/register\",\"status\":\"500\",\"responseTime\":\"674.874\"}","timestamp":"2024-11-23T09:02:19.754Z"}
{"level":"\u001b[32minfo\u001b[39m","message":"{\"method\":\"POST\",\"url\":\"/api/v1/vendor/register\",\"status\":\"400\",\"responseTime\":\"7.121\"}","timestamp":"2024-11-23T09:03:09.915Z"}
{"level":"\u001b[32minfo\u001b[39m","message":"{\"method\":\"POST\",\"url\":\"/api/v1/vendor/register\",\"status\":\"500\",\"responseTime\":\"767.541\"}","timestamp":"2024-11-23T09:03:33.762Z"}
{"level":"\u001b[32minfo\u001b[39m","message":"{\"method\":\"POST\",\"url\":\"/api/v1/vendor/register\",\"status\":\"500\",\"responseTime\":\"836.188\"}","timestamp":"2024-11-23T09:04:01.295Z"}
{"level":"\u001b[32minfo\u001b[39m","message":"{\"method\":\"POST\",\"url\":\"/api/v1/vendor/register\",\"status\":\"201\",\"responseTime\":\"6479.098\"}","timestamp":"2024-11-23T09:04:29.051Z"}
{"level":"\u001b[32minfo\u001b[39m","message":"{\"method\":\"POST\",\"url\":\"/api/v1/vendor/register\",\"status\":\"201\",\"responseTime\":\"5380.398\"}","timestamp":"2024-11-23T09:05:37.741Z"}
{"level":"\u001b[32minfo\u001b[39m","message":"{\"method\":\"POST\",\"url\":\"/api/v1/vendor/register\",\"status\":\"400\",\"responseTime\":\"3.609\"}","timestamp":"2024-11-23T09:08:24.893Z"}
{"level":"\u001b[32minfo\u001b[39m","message":"{\"method\":\"POST\",\"url\":\"/api/v1/vendor/register\",\"status\":\"500\",\"responseTime\":\"7.732\"}","timestamp":"2024-11-23T09:09:35.662Z"}
{"level":"\u001b[32minfo\u001b[39m","message":"{\"method\":\"POST\",\"url\":\"/api/v1/vendor/register\",\"status\":\"500\",\"responseTime\":\"3.613\"}","timestamp":"2024-11-23T09:09:47.192Z"}
{"level":"\u001b[32minfo\u001b[39m","message":"{\"method\":\"POST\",\"url\":\"/api/v1/vendor/register\",\"status\":\"500\",\"responseTime\":\"8.149\"}","timestamp":"2024-11-23T09:16:11.189Z"}
{"level":"\u001b[32minfo\u001b[39m","message":"{\"method\":\"POST\",\"url\":\"/api/v1/vendor/register\",\"status\":\"500\",\"responseTime\":\"4.347\"}","timestamp":"2024-11-23T09:17:12.716Z"}
{"level":"\u001b[32minfo\u001b[39m","message":"{\"method\":\"POST\",\"url\":\"/api/v1/vendor/register\",\"status\":\"500\",\"responseTime\":\"6.327\"}","timestamp":"2024-11-23T09:17:52.434Z"}
{"level":"\u001b[32minfo\u001b[39m","message":"{\"method\":\"POST\",\"url\":\"/api/v1/vendor/register\",\"status\":\"500\",\"responseTime\":\"7.074\"}","timestamp":"2024-11-23T09:20:37.465Z"}
{"level":"\u001b[32minfo\u001b[39m","message":"{\"method\":\"POST\",\"url\":\"/api/v1/vendor/register\",\"status\":\"500\",\"responseTime\":\"8.080\"}","timestamp":"2024-11-23T09:24:28.588Z"}
{"level":"\u001b[32minfo\u001b[39m","message":"{\"method\":\"POST\",\"url\":\"/api/v1/vendor/register\",\"status\":\"500\",\"responseTime\":\"2.635\"}","timestamp":"2024-11-23T09:24:35.401Z"}
{"level":"\u001b[32minfo\u001b[39m","message":"{\"method\":\"POST\",\"url\":\"/api/v1/vendor/register\",\"status\":\"500\",\"responseTime\":\"157.255\"}","timestamp":"2024-11-23T09:29:00.460Z"}
{"level":"\u001b[32minfo\u001b[39m","message":"{\"method\":\"POST\",\"url\":\"/api/v1/vendor/register\",\"status\":\"200\",\"responseTime\":\"3959.730\"}","timestamp":"2024-11-23T09:29:58.282Z"}
{"level":"\u001b[32minfo\u001b[39m","message":"{\"method\":\"GET\",\"url\":\"/api/v1/vendors/verify-email?token=eyJhbGciOiJIUzI1NiIsInR5cCI6IkpXVCJ9.eyJlbWFpbCI6Im5hZGV4ZXgyMTBAZ2l0YXRlZC5jb20iLCJpYXQiOjE3MzIzNTQxOTUsImV4cCI6MTczMjM1NDc5NX0.KqKCw1dVH8KS7N8_V80oJU9izOTmybj6ARG8lcw-sno\",\"status\":\"404\",\"responseTime\":\"1.181\"}","timestamp":"2024-11-23T09:30:26.261Z"}
{"level":"\u001b[32minfo\u001b[39m","message":"{\"method\":\"GET\",\"url\":\"/api/v1/vendors/verify-email?token=eyJhbGciOiJIUzI1NiIsInR5cCI6IkpXVCJ9.eyJlbWFpbCI6Im5hZGV4ZXgyMTBAZ2l0YXRlZC5jb20iLCJpYXQiOjE3MzIzNTQxOTUsImV4cCI6MTczMjM1NDc5NX0.KqKCw1dVH8KS7N8_V80oJU9izOTmybj6ARG8lcw-sno\",\"status\":\"404\",\"responseTime\":\"0.431\"}","timestamp":"2024-11-23T09:31:44.828Z"}
{"level":"\u001b[32minfo\u001b[39m","message":"{\"method\":\"POST\",\"url\":\"/api/v1/vendor/register\",\"status\":\"500\",\"responseTime\":\"801.245\"}","timestamp":"2024-11-23T09:33:38.043Z"}
{"level":"\u001b[32minfo\u001b[39m","message":"{\"method\":\"POST\",\"url\":\"/api/v1/vendor/register\",\"status\":\"500\",\"responseTime\":\"254.161\"}","timestamp":"2024-11-23T09:33:43.198Z"}
{"level":"\u001b[32minfo\u001b[39m","message":"{\"method\":\"POST\",\"url\":\"/api/v1/vendor/register\",\"status\":\"500\",\"responseTime\":\"872.599\"}","timestamp":"2024-11-23T09:34:47.308Z"}
{"level":"\u001b[32minfo\u001b[39m","message":"{\"method\":\"POST\",\"url\":\"/api/v1/vendor/register\",\"status\":\"201\",\"responseTime\":\"4124.955\"}","timestamp":"2024-11-23T09:37:15.978Z"}
{"level":"\u001b[32minfo\u001b[39m","message":"{\"method\":\"POST\",\"url\":\"/api/v1/users/logout\",\"status\":\"401\",\"responseTime\":\"2.338\"}","timestamp":"2024-11-23T10:08:13.200Z"}
{"level":"\u001b[32minfo\u001b[39m","message":"{\"method\":\"POST\",\"url\":\"/api/v1/vendor/login\",\"status\":\"500\",\"responseTime\":\"8.799\"}","timestamp":"2024-11-23T10:10:01.688Z"}
{"level":"\u001b[32minfo\u001b[39m","message":"{\"method\":\"POST\",\"url\":\"/api/v1/vendor/login\",\"status\":\"500\",\"responseTime\":\"2.385\"}","timestamp":"2024-11-23T10:12:03.973Z"}
{"level":"\u001b[32minfo\u001b[39m","message":"{\"method\":\"POST\",\"url\":\"/api/v1/vendor/login\",\"status\":\"500\",\"responseTime\":\"2.738\"}","timestamp":"2024-11-23T10:12:26.160Z"}
{"level":"\u001b[32minfo\u001b[39m","message":"{\"method\":\"POST\",\"url\":\"/api/v1/vendor/login\",\"status\":\"500\",\"responseTime\":\"1026.419\"}","timestamp":"2024-11-23T10:13:39.292Z"}
{"level":"\u001b[32minfo\u001b[39m","message":"{\"method\":\"POST\",\"url\":\"/api/v1/vendor/login\",\"status\":\"200\",\"responseTime\":\"859.895\"}","timestamp":"2024-11-23T10:14:26.563Z"}
{"level":"\u001b[32minfo\u001b[39m","message":"{\"method\":\"POST\",\"url\":\"/api/v1/vendor/login\",\"status\":\"500\",\"responseTime\":\"645.276\"}","timestamp":"2024-11-23T10:25:15.770Z"}
{"level":"\u001b[32minfo\u001b[39m","message":"{\"method\":\"POST\",\"url\":\"/api/v1/vendor/login\",\"status\":\"400\",\"responseTime\":\"5349.830\"}","timestamp":"2024-11-23T10:25:46.433Z"}
{"level":"\u001b[32minfo\u001b[39m","message":"{\"method\":\"POST\",\"url\":\"/api/v1/vendor/login\",\"status\":\"400\",\"responseTime\":\"3952.665\"}","timestamp":"2024-11-23T10:26:34.826Z"}
{"level":"\u001b[32minfo\u001b[39m","message":"{\"method\":\"POST\",\"url\":\"/api/v1/vendor/login\",\"status\":\"400\",\"responseTime\":\"3870.038\"}","timestamp":"2024-11-23T10:27:02.385Z"}
{"level":"\u001b[32minfo\u001b[39m","message":"{\"method\":\"GET\",\"url\":\"/api/v1/vendors/verify-email?token=eyJhbGciOiJIUzI1NiIsInR5cCI6IkpXVCJ9.eyJlbWFpbCI6Im5hZGV4ZXgyMTBAZ2l0YXRlZC5jb20iLCJpYXQiOjE3MzIzNTc2MTgsImV4cCI6MTczMjM1ODIxOH0.lN9ZJCWY4vsP3FPmu4SQKX8uYrXSWtC40CJhB5MivvQ\",\"status\":\"404\",\"responseTime\":\"1.082\"}","timestamp":"2024-11-23T10:27:17.582Z"}
{"level":"\u001b[32minfo\u001b[39m","message":"{\"method\":\"POST\",\"url\":\"/api/v1/vendor/register\",\"status\":\"400\",\"responseTime\":\"15.916\"}","timestamp":"2024-11-23T10:36:54.445Z"}
{"level":"\u001b[32minfo\u001b[39m","message":"{\"method\":\"POST\",\"url\":\"/api/v1/users/login\",\"status\":\"500\",\"responseTime\":\"1032.546\"}","timestamp":"2024-11-23T10:37:37.734Z"}
{"level":"\u001b[32minfo\u001b[39m","message":"{\"method\":\"POST\",\"url\":\"/api/v1/users/register\",\"status\":\"400\",\"responseTime\":\"1052.588\"}","timestamp":"2024-11-23T10:38:20.212Z"}
{"level":"\u001b[32minfo\u001b[39m","message":"{\"method\":\"POST\",\"url\":\"/api/v1/users/login\",\"status\":\"500\",\"responseTime\":\"236.897\"}","timestamp":"2024-11-23T10:38:43.372Z"}
{"level":"\u001b[32minfo\u001b[39m","message":"{\"method\":\"POST\",\"url\":\"/api/v1/users/login\",\"status\":\"200\",\"responseTime\":\"1490.040\"}","timestamp":"2024-11-23T10:40:59.742Z"}
{"level":"\u001b[32minfo\u001b[39m","message":"{\"method\":\"POST\",\"url\":\"/api/v1/users/login\",\"status\":\"404\",\"responseTime\":\"255.875\"}","timestamp":"2024-11-23T10:41:27.042Z"}
{"level":"\u001b[32minfo\u001b[39m","message":"{\"method\":\"POST\",\"url\":\"/api/v1/users/register\",\"status\":\"201\",\"responseTime\":\"4529.061\"}","timestamp":"2024-11-23T10:41:45.898Z"}
{"level":"\u001b[32minfo\u001b[39m","message":"{\"method\":\"POST\",\"url\":\"/api/v1/users/login\",\"status\":\"500\",\"responseTime\":\"240.415\"}","timestamp":"2024-11-23T10:41:59.772Z"}
{"level":"\u001b[32minfo\u001b[39m","message":"{\"method\":\"POST\",\"url\":\"/api/v1/users/login\",\"status\":\"500\",\"responseTime\":\"913.385\"}","timestamp":"2024-11-23T10:42:54.614Z"}
{"level":"\u001b[32minfo\u001b[39m","message":"{\"method\":\"POST\",\"url\":\"/api/v1/users/login\",\"status\":\"500\",\"responseTime\":\"985.701\"}","timestamp":"2024-11-23T10:43:38.505Z"}
{"level":"\u001b[32minfo\u001b[39m","message":"{\"method\":\"POST\",\"url\":\"/api/v1/users/login\",\"status\":\"500\",\"responseTime\":\"4005.346\"}","timestamp":"2024-11-23T10:43:55.843Z"}
{"level":"\u001b[32minfo\u001b[39m","message":"{\"method\":\"GET\",\"url\":\"/api/v1/vendors/verify-email?token=eyJhbGciOiJIUzI1NiIsInR5cCI6IkpXVCJ9.eyJlbWFpbCI6Im5hZGV4ZXgyMTBAZ2l0YXRlZC5jb20iLCJpYXQiOjE3MzIzNTc2MTgsImV4cCI6MTczMjM1ODIxOH0.lN9ZJCWY4vsP3FPmu4SQKX8uYrXSWtC40CJhB5MivvQ\",\"status\":\"404\",\"responseTime\":\"1.819\"}","timestamp":"2024-11-23T10:44:47.094Z"}
{"level":"\u001b[32minfo\u001b[39m","message":"{\"method\":\"POST\",\"url\":\"/api/v1/vendor/login\",\"status\":\"400\",\"responseTime\":\"4675.572\"}","timestamp":"2024-11-25T05:06:34.815Z"}
{"level":"\u001b[32minfo\u001b[39m","message":"{\"method\":\"GET\",\"url\":\"/api/v1/vendors/verify-email?token=eyJhbGciOiJIUzI1NiIsInR5cCI6IkpXVCJ9.eyJlbWFpbCI6Im5hZGV4ZXgyMTBAZ2l0YXRlZC5jb20iLCJpYXQiOjE3MzI1MTExOTEsImV4cCI6MTczMjUxMTc5MX0.0X80SjWn4HeyP7uBeBT09cvnBmseGOhD3ULEIyyN9Oo\",\"status\":\"404\",\"responseTime\":\"4.179\"}","timestamp":"2024-11-25T05:53:27.281Z"}
{"level":"\u001b[32minfo\u001b[39m","message":"{\"method\":\"POST\",\"url\":\"/api/v1/vendor/login\",\"status\":\"400\",\"responseTime\":\"6213.827\"}","timestamp":"2024-11-25T06:13:01.706Z"}
{"level":"\u001b[32minfo\u001b[39m","message":"{\"method\":\"GET\",\"url\":\"/api/v1/vendors/verify-email?token=eyJhbGciOiJIUzI1NiIsInR5cCI6IkpXVCJ9.eyJlbWFpbCI6Im5hZGV4ZXgyMTBAZ2l0YXRlZC5jb20iLCJpYXQiOjE3MzI1MTUxNzgsImV4cCI6MTczMjUxNTc3OH0.E_Kf46tnRNiZUvuOhB6VAVy92qfdP_wIEjoR9WAgO6U\",\"status\":\"404\",\"responseTime\":\"1.715\"}","timestamp":"2024-11-25T06:13:20.183Z"}
{"level":"\u001b[32minfo\u001b[39m","message":"{\"method\":\"POST\",\"url\":\"/api/v1/vendor/register\",\"status\":\"500\",\"responseTime\":\"30049.685\"}","timestamp":"2024-11-25T06:16:48.866Z"}
{"level":"\u001b[32minfo\u001b[39m","message":"{\"method\":\"POST\",\"url\":\"/api/v1/vendor/register\",\"status\":\"200\",\"responseTime\":\"5264.722\"}","timestamp":"2024-11-25T06:20:13.942Z"}
{"level":"\u001b[32minfo\u001b[39m","message":"{\"method\":\"POST\",\"url\":\"/api/v1/vendor/register\",\"status\":\"201\",\"responseTime\":\"4846.203\"}","timestamp":"2024-11-25T06:20:52.240Z"}
{"level":"\u001b[32minfo\u001b[39m","message":"{\"method\":\"GET\",\"url\":\"/api/v1/vendors/verify-email?token=eyJhbGciOiJIUzI1NiIsInR5cCI6IkpXVCJ9.eyJlbWFpbCI6Im1vZ2lraWo3NjdAY3BhdXJsLmNvbSIsImlhdCI6MTczMjUxNTY0NywiZXhwIjoxNzMyNTE2MjQ3fQ.zNtvv-UzCl98tXB96dMjr9b6vHKrLXH2MW5q5lA0EtU\",\"status\":\"404\",\"responseTime\":\"1.160\"}","timestamp":"2024-11-25T06:21:12.574Z"}
{"level":"\u001b[32minfo\u001b[39m","message":"{\"method\":\"POST\",\"url\":\"/api/v1/vendor/register\",\"status\":\"200\",\"responseTime\":\"4754.399\"}","timestamp":"2024-11-25T06:23:28.070Z"}
{"level":"\u001b[32minfo\u001b[39m","message":"{\"method\":\"GET\",\"url\":\"/api/v1/vendors/verify-email?token=eyJhbGciOiJIUzI1NiIsInR5cCI6IkpXVCJ9.eyJlbWFpbCI6Im1vZ2lraWo3NjdAY3BhdXJsLmNvbSIsImlhdCI6MTczMjUxNTgwNCwiZXhwIjoxNzMyNTE2NDA0fQ.pw0QVvAnlPyPp2lDEw_zxfxtPwW0rxSkVIcCUvnMsO8&role=vendor\",\"status\":\"404\",\"responseTime\":\"1.196\"}","timestamp":"2024-11-25T06:23:46.000Z"}
{"level":"\u001b[32minfo\u001b[39m","message":"{\"method\":\"GET\",\"url\":\"/api/v1/vendors/verify-email?token=eyJhbGciOiJIUzI1NiIsInR5cCI6IkpXVCJ9.eyJlbWFpbCI6Im1vZ2lraWo3NjdAY3BhdXJsLmNvbSIsImlhdCI6MTczMjUxNTgwNCwiZXhwIjoxNzMyNTE2NDA0fQ.pw0QVvAnlPyPp2lDEw_zxfxtPwW0rxSkVIcCUvnMsO8&role=vendor\",\"status\":\"404\",\"responseTime\":\"0.454\"}","timestamp":"2024-11-25T06:25:17.713Z"}
{"level":"\u001b[32minfo\u001b[39m","message":"{\"method\":\"POST\",\"url\":\"/api/v1/users/delete-user\",\"status\":\"401\",\"responseTime\":\"0.560\"}","timestamp":"2024-11-25T06:25:57.034Z"}
{"level":"\u001b[32minfo\u001b[39m","message":"{\"method\":\"GET\",\"url\":\"/api/v1/vendors/verify-email?token=eyJhbGciOiJIUzI1NiIsInR5cCI6IkpXVCJ9.eyJlbWFpbCI6Im1vZ2lraWo3NjdAY3BhdXJsLmNvbSIsImlhdCI6MTczMjUxNTgwNCwiZXhwIjoxNzMyNTE2NDA0fQ.pw0QVvAnlPyPp2lDEw_zxfxtPwW0rxSkVIcCUvnMsO8&role=vendor\",\"status\":\"404\",\"responseTime\":\"1.989\"}","timestamp":"2024-11-25T06:27:28.072Z"}
{"level":"\u001b[32minfo\u001b[39m","message":"{\"method\":\"GET\",\"url\":\"/api/v1/vendors/verify-email?token=eyJhbGciOiJIUzI1NiIsInR5cCI6IkpXVCJ9.eyJlbWFpbCI6Im1vZ2lraWo3NjdAY3BhdXJsLmNvbSIsImlhdCI6MTczMjUxNTgwNCwiZXhwIjoxNzMyNTE2NDA0fQ.pw0QVvAnlPyPp2lDEw_zxfxtPwW0rxSkVIcCUvnMsO8&role=vendor\",\"status\":\"400\",\"responseTime\":\"2.290\"}","timestamp":"2024-11-25T06:27:58.951Z"}
{"level":"\u001b[32minfo\u001b[39m","message":"{\"method\":\"GET\",\"url\":\"/api/v1/vendors/verify-email?token=eyJhbGciOiJIUzI1NiIsInR5cCI6IkpXVCJ9.eyJlbWFpbCI6Im1vZ2lraWo3NjdAY3BhdXJsLmNvbSIsImlhdCI6MTczMjUxNTgwNCwiZXhwIjoxNzMyNTE2NDA0fQ.pw0QVvAnlPyPp2lDEw_zxfxtPwW0rxSkVIcCUvnMsO8&role=vendor\",\"status\":\"400\",\"responseTime\":\"4.487\"}","timestamp":"2024-11-25T06:29:45.949Z"}
{"level":"\u001b[32minfo\u001b[39m","message":"{\"method\":\"GET\",\"url\":\"/api/v1/vendors/verify-email?token=eyJhbGciOiJIUzI1NiIsInR5cCI6IkpXVCJ9.eyJlbWFpbCI6Im1vZ2lraWo3NjdAY3BhdXJsLmNvbSIsImlhdCI6MTczMjUxNTgwNCwiZXhwIjoxNzMyNTE2NDA0fQ.pw0QVvAnlPyPp2lDEw_zxfxtPwW0rxSkVIcCUvnMsO8&role=vendor\",\"status\":\"400\",\"responseTime\":\"3.011\"}","timestamp":"2024-11-25T06:30:00.306Z"}
{"level":"\u001b[32minfo\u001b[39m","message":"{\"method\":\"GET\",\"url\":\"/api/v1/vendors/verify-email?token=eyJhbGciOiJIUzI1NiIsInR5cCI6IkpXVCJ9.eyJlbWFpbCI6Im1vZ2lraWo3NjdAY3BhdXJsLmNvbSIsImlhdCI6MTczMjUxNTgwNCwiZXhwIjoxNzMyNTE2NDA0fQ.pw0QVvAnlPyPp2lDEw_zxfxtPwW0rxSkVIcCUvnMsO8&role=vendor\",\"status\":\"400\",\"responseTime\":\"5.898\"}","timestamp":"2024-11-25T06:30:25.428Z"}
{"level":"\u001b[32minfo\u001b[39m","message":"{\"method\":\"GET\",\"url\":\"/api/v1/vendors/verify-email?token=eyJhbGciOiJIUzI1NiIsInR5cCI6IkpXVCJ9.eyJlbWFpbCI6Im1vZ2lraWo3NjdAY3BhdXJsLmNvbSIsImlhdCI6MTczMjUxNTgwNCwiZXhwIjoxNzMyNTE2NDA0fQ.pw0QVvAnlPyPp2lDEw_zxfxtPwW0rxSkVIcCUvnMsO8&role=vendor\",\"status\":\"400\",\"responseTime\":\"4.617\"}","timestamp":"2024-11-25T06:31:40.401Z"}
{"level":"\u001b[32minfo\u001b[39m","message":"{\"method\":\"GET\",\"url\":\"/api/v1/vendors/verify-email?token=eyJhbGciOiJIUzI1NiIsInR5cCI6IkpXVCJ9.eyJlbWFpbCI6Im1vZ2lraWo3NjdAY3BhdXJsLmNvbSIsImlhdCI6MTczMjUxNTgwNCwiZXhwIjoxNzMyNTE2NDA0fQ.pw0QVvAnlPyPp2lDEw_zxfxtPwW0rxSkVIcCUvnMsO8&entityType=vendor\",\"status\":\"400\",\"responseTime\":\"140.836\"}","timestamp":"2024-11-25T06:32:13.566Z"}
{"level":"\u001b[32minfo\u001b[39m","message":"{\"method\":\"GET\",\"url\":\"/api/v1/vendors/verify-email?token=eyJhbGciOiJIUzI1NiIsInR5cCI6IkpXVCJ9.eyJlbWFpbCI6Im1vZ2lraWo3NjdAY3BhdXJsLmNvbSIsImlhdCI6MTczMjUxNTgwNCwiZXhwIjoxNzMyNTE2NDA0fQ.pw0QVvAnlPyPp2lDEw_zxfxtPwW0rxSkVIcCUvnMsO8&entityType=vendor\",\"status\":\"400\",\"responseTime\":\"7.971\"}","timestamp":"2024-11-25T06:33:36.254Z"}
{"level":"\u001b[32minfo\u001b[39m","message":"{\"method\":\"POST\",\"url\":\"/api/v1/vendor/register\",\"status\":\"404\",\"responseTime\":\"0.942\"}","timestamp":"2024-11-25T06:33:46.851Z"}
{"level":"\u001b[32minfo\u001b[39m","message":"{\"method\":\"POST\",\"url\":\"/api/v1/vendors/register\",\"status\":\"200\",\"responseTime\":\"3844.469\"}","timestamp":"2024-11-25T06:37:55.271Z"}
{"level":"\u001b[32minfo\u001b[39m","message":"{\"method\":\"GET\",\"url\":\"/api/v1/vendors/verify-email?token=eyJhbGciOiJIUzI1NiIsInR5cCI6IkpXVCJ9.eyJlbWFpbCI6Im1vZ2lraWo3NjdAY3BhdXJsLmNvbSIsImlhdCI6MTczMjUxNjY3MiwiZXhwIjoxNzMyNTE3MjcyfQ.onHT9QImlCpGF4j4OKWGcVxKPI46Avc0iaPlGQHxgdE&entityType=vendor\",\"status\":\"400\",\"responseTime\":\"182.300\"}","timestamp":"2024-11-25T06:38:16.992Z"}
{"level":"\u001b[32minfo\u001b[39m","message":"{\"method\":\"GET\",\"url\":\"/favicon.ico\",\"status\":\"404\",\"responseTime\":\"1.061\"}","timestamp":"2024-11-25T06:38:17.079Z"}
{"level":"\u001b[32minfo\u001b[39m","message":"{\"method\":\"POST\",\"url\":\"/api/v1/vendors/register\",\"status\":\"200\",\"responseTime\":\"4470.527\"}","timestamp":"2024-11-25T06:49:04.349Z"}
{"level":"\u001b[32minfo\u001b[39m","message":"{\"method\":\"GET\",\"url\":\"/api/v1/vendors/verify-email?token=eyJhbGciOiJIUzI1NiIsInR5cCI6IkpXVCJ9.eyJlbWFpbCI6Im1vZ2lraWo3NjdAY3BhdXJsLmNvbSIsImlhdCI6MTczMjUxNzM0MCwiZXhwIjoxNzMyNTE3OTQwfQ.paLQmnrwV6NICcFE3cOioFiD_E4y0E6bHX8b_b6CiIA&entityType=vendor\",\"status\":\"400\",\"responseTime\":\"147.434\"}","timestamp":"2024-11-25T06:50:02.589Z"}
{"level":"\u001b[32minfo\u001b[39m","message":"{\"method\":\"GET\",\"url\":\"/api/v1/vendors/verify-email?token=eyJhbGciOiJIUzI1NiIsInR5cCI6IkpXVCJ9.eyJlbWFpbCI6Im1vZ2lraWo3NjdAY3BhdXJsLmNvbSIsImlhdCI6MTczMjUxNzM0MCwiZXhwIjoxNzMyNTE3OTQwfQ.paLQmnrwV6NICcFE3cOioFiD_E4y0E6bHX8b_b6CiIA&entityType=vendor\",\"status\":\"400\",\"responseTime\":\"8.873\"}","timestamp":"2024-11-25T06:50:24.597Z"}
{"level":"\u001b[32minfo\u001b[39m","message":"{\"method\":\"GET\",\"url\":\"/api/v1/vendors/verify-email?token=eyJhbGciOiJIUzI1NiIsInR5cCI6IkpXVCJ9.eyJlbWFpbCI6Im1vZ2lraWo3NjdAY3BhdXJsLmNvbSIsImlhdCI6MTczMjUxNzM0MCwiZXhwIjoxNzMyNTE3OTQwfQ.paLQmnrwV6NICcFE3cOioFiD_E4y0E6bHX8b_b6CiIA&entityType=vendor\",\"status\":\"400\",\"responseTime\":\"169.599\"}","timestamp":"2024-11-25T06:52:41.702Z"}
{"level":"\u001b[32minfo\u001b[39m","message":"{\"method\":\"GET\",\"url\":\"/api/v1/vendors/verify-email?token=eyJhbGciOiJIUzI1NiIsInR5cCI6IkpXVCJ9.eyJlbWFpbCI6Im1vZ2lraWo3NjdAY3BhdXJsLmNvbSIsImlhdCI6MTczMjUxNzM0MCwiZXhwIjoxNzMyNTE3OTQwfQ.paLQmnrwV6NICcFE3cOioFiD_E4y0E6bHX8b_b6CiIA&entityType=vendor\",\"status\":\"400\",\"responseTime\":\"13.487\"}","timestamp":"2024-11-25T06:52:45.746Z"}
{"level":"\u001b[32minfo\u001b[39m","message":"{\"method\":\"GET\",\"url\":\"/api/v1/vendors/verify-email?token=eyJhbGciOiJIUzI1NiIsInR5cCI6IkpXVCJ9.eyJlbWFpbCI6Im1vZ2lraWo3NjdAY3BhdXJsLmNvbSIsImlhdCI6MTczMjUxNzM0MCwiZXhwIjoxNzMyNTE3OTQwfQ.paLQmnrwV6NICcFE3cOioFiD_E4y0E6bHX8b_b6CiIA&entityType=vendor\",\"status\":\"400\",\"responseTime\":\"9.463\"}","timestamp":"2024-11-25T06:52:46.968Z"}
{"level":"\u001b[32minfo\u001b[39m","message":"{\"method\":\"GET\",\"url\":\"/api/v1/vendors/verify-email?token=eyJhbGciOiJIUzI1NiIsInR5cCI6IkpXVCJ9.eyJlbWFpbCI6Im1vZ2lraWo3NjdAY3BhdXJsLmNvbSIsImlhdCI6MTczMjUxNzM0MCwiZXhwIjoxNzMyNTE3OTQwfQ.paLQmnrwV6NICcFE3cOioFiD_E4y0E6bHX8b_b6CiIA&entityType=vendor\",\"status\":\"400\",\"responseTime\":\"9.560\"}","timestamp":"2024-11-25T06:52:48.224Z"}
{"level":"\u001b[32minfo\u001b[39m","message":"{\"method\":\"GET\",\"url\":\"/api/v1/vendors/verify-email?token=eyJhbGciOiJIUzI1NiIsInR5cCI6IkpXVCJ9.eyJlbWFpbCI6Im1vZ2lraWo3NjdAY3BhdXJsLmNvbSIsImlhdCI6MTczMjUxNzM0MCwiZXhwIjoxNzMyNTE3OTQwfQ.paLQmnrwV6NICcFE3cOioFiD_E4y0E6bHX8b_b6CiIA&entityType=vendor\",\"status\":\"400\",\"responseTime\":\"11.654\"}","timestamp":"2024-11-25T06:52:49.240Z"}
{"level":"\u001b[32minfo\u001b[39m","message":"{\"method\":\"GET\",\"url\":\"/api/v1/vendors/verify-email?token=eyJhbGciOiJIUzI1NiIsInR5cCI6IkpXVCJ9.eyJlbWFpbCI6Im1vZ2lraWo3NjdAY3BhdXJsLmNvbSIsImlhdCI6MTczMjUxNzM0MCwiZXhwIjoxNzMyNTE3OTQwfQ.paLQmnrwV6NICcFE3cOioFiD_E4y0E6bHX8b_b6CiIA&entityType=vendor\",\"status\":\"400\",\"responseTime\":\"7.260\"}","timestamp":"2024-11-25T06:52:50.384Z"}
{"level":"\u001b[32minfo\u001b[39m","message":"{\"method\":\"GET\",\"url\":\"/api/v1/vendors/verify-email?token=eyJhbGciOiJIUzI1NiIsInR5cCI6IkpXVCJ9.eyJlbWFpbCI6Im1vZ2lraWo3NjdAY3BhdXJsLmNvbSIsImlhdCI6MTczMjUxNzM0MCwiZXhwIjoxNzMyNTE3OTQwfQ.paLQmnrwV6NICcFE3cOioFiD_E4y0E6bHX8b_b6CiIA&entityType=vendor\",\"status\":\"400\",\"responseTime\":\"6.256\"}","timestamp":"2024-11-25T06:53:36.070Z"}
{"level":"\u001b[32minfo\u001b[39m","message":"{\"method\":\"GET\",\"url\":\"/api/v1/vendors/verify-email?token=eyJhbGciOiJIUzI1NiIsInR5cCI6IkpXVCJ9.eyJlbWFpbCI6Im1vZ2lraWo3NjdAY3BhdXJsLmNvbSIsImlhdCI6MTczMjUxNzM0MCwiZXhwIjoxNzMyNTE3OTQwfQ.paLQmnrwV6NICcFE3cOioFiD_E4y0E6bHX8b_b6CiIA&entityType=vendor\",\"status\":\"400\",\"responseTime\":\"8.178\"}","timestamp":"2024-11-25T06:53:37.622Z"}
{"level":"\u001b[32minfo\u001b[39m","message":"{\"method\":\"GET\",\"url\":\"/api/v1/vendors/verify-email?token=eyJhbGciOiJIUzI1NiIsInR5cCI6IkpXVCJ9.eyJlbWFpbCI6Im1vZ2lraWo3NjdAY3BhdXJsLmNvbSIsImlhdCI6MTczMjUxNzM0MCwiZXhwIjoxNzMyNTE3OTQwfQ.paLQmnrwV6NICcFE3cOioFiD_E4y0E6bHX8b_b6CiIA&entityType=vendor\",\"status\":\"400\",\"responseTime\":\"8.904\"}","timestamp":"2024-11-25T06:53:41.816Z"}
{"level":"\u001b[32minfo\u001b[39m","message":"{\"method\":\"GET\",\"url\":\"/api/v1/vendors/verify-email?token=eyJhbGciOiJIUzI1NiIsInR5cCI6IkpXVCJ9.eyJlbWFpbCI6Im1vZ2lraWo3NjdAY3BhdXJsLmNvbSIsImlhdCI6MTczMjUxNzM0MCwiZXhwIjoxNzMyNTE3OTQwfQ.paLQmnrwV6NICcFE3cOioFiD_E4y0E6bHX8b_b6CiIA&entityType=vendor\",\"status\":\"400\",\"responseTime\":\"151.526\"}","timestamp":"2024-11-25T06:56:15.888Z"}
{"level":"\u001b[32minfo\u001b[39m","message":"{\"method\":\"GET\",\"url\":\"/api/v1/vendors/verify-email?token=eyJhbGciOiJIUzI1NiIsInR5cCI6IkpXVCJ9.eyJlbWFpbCI6Im1vZ2lraWo3NjdAY3BhdXJsLmNvbSIsImlhdCI6MTczMjUxNzM0MCwiZXhwIjoxNzMyNTE3OTQwfQ.paLQmnrwV6NICcFE3cOioFiD_E4y0E6bHX8b_b6CiIA&entityType=vendor\",\"status\":\"400\",\"responseTime\":\"7.294\"}","timestamp":"2024-11-25T06:56:17.217Z"}
{"level":"\u001b[32minfo\u001b[39m","message":"{\"method\":\"GET\",\"url\":\"/api/v1/vendors/verify-email?token=eyJhbGciOiJIUzI1NiIsInR5cCI6IkpXVCJ9.eyJlbWFpbCI6Im1vZ2lraWo3NjdAY3BhdXJsLmNvbSIsImlhdCI6MTczMjUxNzM0MCwiZXhwIjoxNzMyNTE3OTQwfQ.paLQmnrwV6NICcFE3cOioFiD_E4y0E6bHX8b_b6CiIA&entityType=vendor\",\"status\":\"400\",\"responseTime\":\"173.920\"}","timestamp":"2024-11-25T06:58:47.345Z"}
{"level":"\u001b[32minfo\u001b[39m","message":"{\"method\":\"GET\",\"url\":\"/api/v1/vendors/verify-email?token=eyJhbGciOiJIUzI1NiIsInR5cCI6IkpXVCJ9.eyJlbWFpbCI6Im1vZ2lraWo3NjdAY3BhdXJsLmNvbSIsImlhdCI6MTczMjUxNzM0MCwiZXhwIjoxNzMyNTE3OTQwfQ.paLQmnrwV6NICcFE3cOioFiD_E4y0E6bHX8b_b6CiIA&entityType=vendor\",\"status\":\"400\",\"responseTime\":\"6.794\"}","timestamp":"2024-11-25T06:59:57.729Z"}
{"level":"\u001b[32minfo\u001b[39m","message":"{\"method\":\"POST\",\"url\":\"/api/v1/vendors/register\",\"status\":\"200\",\"responseTime\":\"3830.841\"}","timestamp":"2024-11-25T07:00:19.578Z"}
{"level":"\u001b[32minfo\u001b[39m","message":"{\"method\":\"GET\",\"url\":\"/api/v1/vendors/verify-email?token=eyJhbGciOiJIUzI1NiIsInR5cCI6IkpXVCJ9.eyJlbWFpbCI6Im1vZ2lraWo3NjdAY3BhdXJsLmNvbSIsImlhdCI6MTczMjUxODAxNiwiZXhwIjoxNzMyNTE4NjE2fQ.UTU0ux1Auc7Ko2qhAaiIj5MiPepXWMz3sOyK-i8Qsuw&entityType=vendor\",\"status\":\"400\",\"responseTime\":\"565.742\"}","timestamp":"2024-11-25T07:00:41.099Z"}
{"level":"\u001b[32minfo\u001b[39m","message":"{\"method\":\"GET\",\"url\":\"/api/v1/vendors/verify-email?token=eyJhbGciOiJIUzI1NiIsInR5cCI6IkpXVCJ9.eyJlbWFpbCI6Im1vZ2lraWo3NjdAY3BhdXJsLmNvbSIsImlhdCI6MTczMjUxODAxNiwiZXhwIjoxNzMyNTE4NjE2fQ.UTU0ux1Auc7Ko2qhAaiIj5MiPepXWMz3sOyK-i8Qsuw&entityType=vendor\",\"status\":\"400\",\"responseTime\":\"54.255\"}","timestamp":"2024-11-25T07:00:54.708Z"}
{"level":"\u001b[32minfo\u001b[39m","message":"{\"method\":\"GET\",\"url\":\"/api/v1/vendors/verify-email?token=eyJhbGciOiJIUzI1NiIsInR5cCI6IkpXVCJ9.eyJlbWFpbCI6Im1vZ2lraWo3NjdAY3BhdXJsLmNvbSIsImlhdCI6MTczMjUxODAxNiwiZXhwIjoxNzMyNTE4NjE2fQ.UTU0ux1Auc7Ko2qhAaiIj5MiPepXWMz3sOyK-i8Qsuw&entityType=vendor\",\"status\":\"400\",\"responseTime\":\"707.764\"}","timestamp":"2024-11-25T07:02:04.120Z"}
{"level":"\u001b[32minfo\u001b[39m","message":"{\"method\":\"GET\",\"url\":\"/api/v1/vendors/verify-email?token=eyJhbGciOiJIUzI1NiIsInR5cCI6IkpXVCJ9.eyJlbWFpbCI6Im1vZ2lraWo3NjdAY3BhdXJsLmNvbSIsImlhdCI6MTczMjUxODAxNiwiZXhwIjoxNzMyNTE4NjE2fQ.UTU0ux1Auc7Ko2qhAaiIj5MiPepXWMz3sOyK-i8Qsuw&entityType=vendor\",\"status\":\"400\",\"responseTime\":\"648.802\"}","timestamp":"2024-11-25T07:08:53.643Z"}
{"level":"\u001b[32minfo\u001b[39m","message":"{\"method\":\"GET\",\"url\":\"/api/v1/vendors/verify-email?token=eyJhbGciOiJIUzI1NiIsInR5cCI6IkpXVCJ9.eyJlbWFpbCI6Im1vZ2lraWo3NjdAY3BhdXJsLmNvbSIsImlhdCI6MTczMjUxODAxNiwiZXhwIjoxNzMyNTE4NjE2fQ.UTU0ux1Auc7Ko2qhAaiIj5MiPepXWMz3sOyK-i8Qsuw&entityType=vendor\",\"status\":\"400\",\"responseTime\":\"6.679\"}","timestamp":"2024-11-25T07:10:22.086Z"}
{"level":"\u001b[32minfo\u001b[39m","message":"{\"method\":\"POST\",\"url\":\"/api/v1/vendors/register\",\"status\":\"200\",\"responseTime\":\"4548.595\"}","timestamp":"2024-11-25T07:10:32.912Z"}
{"level":"\u001b[32minfo\u001b[39m","message":"{\"method\":\"GET\",\"url\":\"/api/v1/vendors/verify-email?token=eyJhbGciOiJIUzI1NiIsInR5cCI6IkpXVCJ9.eyJlbWFpbCI6Im1vZ2lraWo3NjdAY3BhdXJsLmNvbSIsImlhdCI6MTczMjUxODYyOCwiZXhwIjoxNzMyNTE5MjI4fQ.F6ccqeX2eg7JdIdBi0F0Ai5ZrfJPipJ9x6BAqkKSgvc&entityType=vendor\",\"status\":\"200\",\"responseTime\":\"807.647\"}","timestamp":"2024-11-25T07:10:50.855Z"}
{"level":"\u001b[32minfo\u001b[39m","message":"{\"method\":\"POST\",\"url\":\"/api/v1/users/register\",\"status\":\"500\",\"responseTime\":\"898.296\"}","timestamp":"2024-11-25T07:11:43.480Z"}
{"level":"\u001b[32minfo\u001b[39m","message":"{\"method\":\"POST\",\"url\":\"/api/v1/users/register\",\"status\":\"200\",\"responseTime\":\"5870.649\"}","timestamp":"2024-11-25T07:32:04.421Z"}
{"level":"\u001b[32minfo\u001b[39m","message":"{\"method\":\"POST\",\"url\":\"/api/v1/users/register\",\"status\":\"201\",\"responseTime\":\"5113.471\"}","timestamp":"2024-11-25T07:32:34.828Z"}
{"level":"\u001b[32minfo\u001b[39m","message":"{\"method\":\"GET\",\"url\":\"/api/v1/users/verify-email?token=eyJhbGciOiJIUzI1NiIsInR5cCI6IkpXVCJ9.eyJ1c2VyX2lkIjoiOTZlNWRiNGItN2VhOS00ZjFmLWI4OGMtZDJlNjkwODc4MmNjIiwiZW1haWwiOiJrb2hpd29rMTEwQGdpdGF0ZWQuY29tIiwiaWF0IjoxNzMyNTE5OTUwLCJleHAiOjE3MzI1MjA1NTB9.l4VjTN0wnfn_lhMxHJc0FkJPbTV7WrIVqOetoJJ0uzc&entityType=USER\",\"status\":\"400\",\"responseTime\":\"0.441\"}","timestamp":"2024-11-25T07:32:53.363Z"}
{"level":"\u001b[32minfo\u001b[39m","message":"{\"method\":\"GET\",\"url\":\"/api/v1/users/verify-email?token=eyJhbGciOiJIUzI1NiIsInR5cCI6IkpXVCJ9.eyJ1c2VyX2lkIjoiOTZlNWRiNGItN2VhOS00ZjFmLWI4OGMtZDJlNjkwODc4MmNjIiwiZW1haWwiOiJrb2hpd29rMTEwQGdpdGF0ZWQuY29tIiwiaWF0IjoxNzMyNTE5OTUwLCJleHAiOjE3MzI1MjA1NTB9.l4VjTN0wnfn_lhMxHJc0FkJPbTV7WrIVqOetoJJ0uzc&entityType=USER\",\"status\":\"400\",\"responseTime\":\"3.980\"}","timestamp":"2024-11-25T07:34:14.362Z"}
{"level":"\u001b[32minfo\u001b[39m","message":"{\"method\":\"GET\",\"url\":\"/api/v1/vendors/verify-email?token=eyJhbGciOiJIUzI1NiIsInR5cCI6IkpXVCJ9.eyJlbWFpbCI6Im1vZ2lraWo3NjdAY3BhdXJsLmNvbSIsImlhdCI6MTczMjUxNzM0MCwiZXhwIjoxNzMyNTE3OTQwfQ.paLQmnrwV6NICcFE3cOioFiD_E4y0E6bHX8b_b6CiIA&entityType=vendor\",\"status\":\"400\",\"responseTime\":\"6.189\"}","timestamp":"2024-11-25T07:35:20.893Z"}
{"level":"\u001b[32minfo\u001b[39m","message":"{\"method\":\"GET\",\"url\":\"/api/v1/vendors/verify-email?token=eyJhbGciOiJIUzI1NiIsInR5cCI6IkpXVCJ9.eyJlbWFpbCI6Im1vZ2lraWo3NjdAY3BhdXJsLmNvbSIsImlhdCI6MTczMjUxNzM0MCwiZXhwIjoxNzMyNTE3OTQwfQ.paLQmnrwV6NICcFE3cOioFiD_E4y0E6bHX8b_b6CiIA&entityType=vendor\",\"status\":\"400\",\"responseTime\":\"4.436\"}","timestamp":"2024-11-25T07:37:27.735Z"}
{"level":"\u001b[32minfo\u001b[39m","message":"{\"method\":\"GET\",\"url\":\"/api/v1/vendors/verify-email?token=eyJhbGciOiJIUzI1NiIsInR5cCI6IkpXVCJ9.eyJlbWFpbCI6Im1vZ2lraWo3NjdAY3BhdXJsLmNvbSIsImlhdCI6MTczMjUxNzM0MCwiZXhwIjoxNzMyNTE3OTQwfQ.paLQmnrwV6NICcFE3cOioFiD_E4y0E6bHX8b_b6CiIA&entityType=vendor\",\"status\":\"400\",\"responseTime\":\"2.708\"}","timestamp":"2024-11-25T07:37:31.337Z"}
{"level":"\u001b[32minfo\u001b[39m","message":"{\"method\":\"GET\",\"url\":\"/api/v1/vendors/verify-email?token=eyJhbGciOiJIUzI1NiIsInR5cCI6IkpXVCJ9.eyJlbWFpbCI6Im1vZ2lraWo3NjdAY3BhdXJsLmNvbSIsImlhdCI6MTczMjUxNzM0MCwiZXhwIjoxNzMyNTE3OTQwfQ.paLQmnrwV6NICcFE3cOioFiD_E4y0E6bHX8b_b6CiIA&entityType=vendor\",\"status\":\"400\",\"responseTime\":\"2.507\"}","timestamp":"2024-11-25T07:37:33.693Z"}
{"level":"\u001b[32minfo\u001b[39m","message":"{\"method\":\"GET\",\"url\":\"/api/v1/vendors/verify-email?token=eyJhbGciOiJIUzI1NiIsInR5cCI6IkpXVCJ9.eyJlbWFpbCI6Im1vZ2lraWo3NjdAY3BhdXJsLmNvbSIsImlhdCI6MTczMjUxNzM0MCwiZXhwIjoxNzMyNTE3OTQwfQ.paLQmnrwV6NICcFE3cOioFiD_E4y0E6bHX8b_b6CiIA&entityType=vendor\",\"status\":\"400\",\"responseTime\":\"1.913\"}","timestamp":"2024-11-25T07:37:34.882Z"}
{"level":"\u001b[32minfo\u001b[39m","message":"{\"method\":\"GET\",\"url\":\"/api/v1/vendors/verify-email?token=eyJhbGciOiJIUzI1NiIsInR5cCI6IkpXVCJ9.eyJlbWFpbCI6Im1vZ2lraWo3NjdAY3BhdXJsLmNvbSIsImlhdCI6MTczMjUxNzM0MCwiZXhwIjoxNzMyNTE3OTQwfQ.paLQmnrwV6NICcFE3cOioFiD_E4y0E6bHX8b_b6CiIA&entityType=vendor\",\"status\":\"400\",\"responseTime\":\"4.092\"}","timestamp":"2024-11-25T07:38:03.779Z"}
{"level":"\u001b[32minfo\u001b[39m","message":"{\"method\":\"GET\",\"url\":\"/api/v1/vendors/verify-email?token=eyJhbGciOiJIUzI1NiIsInR5cCI6IkpXVCJ9.eyJlbWFpbCI6Im1vZ2lraWo3NjdAY3BhdXJsLmNvbSIsImlhdCI6MTczMjUxNzM0MCwiZXhwIjoxNzMyNTE3OTQwfQ.paLQmnrwV6NICcFE3cOioFiD_E4y0E6bHX8b_b6CiIA&entityType=vendor\",\"status\":\"400\",\"responseTime\":\"7.041\"}","timestamp":"2024-11-25T07:39:19.037Z"}
{"level":"\u001b[32minfo\u001b[39m","message":"{\"method\":\"POST\",\"url\":\"/api/v1/users/register\",\"status\":\"200\",\"responseTime\":\"5749.053\"}","timestamp":"2024-11-25T07:39:31.535Z"}
{"level":"\u001b[32minfo\u001b[39m","message":"{\"method\":\"GET\",\"url\":\"/api/v1/users/verify-email?token=eyJhbGciOiJIUzI1NiIsInR5cCI6IkpXVCJ9.eyJ1c2VyX2lkIjoiOTZlNWRiNGItN2VhOS00ZjFmLWI4OGMtZDJlNjkwODc4MmNjIiwiZW1haWwiOiJrb2hpd29rMTEwQGdpdGF0ZWQuY29tIiwiaWF0IjoxNzMyNTIwMzY2LCJleHAiOjE3MzI1MjA5NjZ9.nbgP7hq504Zl-K2S9YwHtJDoBTPgdZ14lxokd_gJpHo&entityType=undefined\",\"status\":\"400\",\"responseTime\":\"0.465\"}","timestamp":"2024-11-25T07:39:53.586Z"}
{"level":"\u001b[32minfo\u001b[39m","message":"{\"method\":\"POST\",\"url\":\"/api/v1/users/register\",\"status\":\"200\",\"responseTime\":\"4914.642\"}","timestamp":"2024-11-25T07:41:46.100Z"}
{"level":"\u001b[32minfo\u001b[39m","message":"{\"method\":\"GET\",\"url\":\"/api/v1/users/verify-email?token=eyJhbGciOiJIUzI1NiIsInR5cCI6IkpXVCJ9.eyJ1c2VyX2lkIjoiOTZlNWRiNGItN2VhOS00ZjFmLWI4OGMtZDJlNjkwODc4MmNjIiwiZW1haWwiOiJrb2hpd29rMTEwQGdpdGF0ZWQuY29tIiwiaWF0IjoxNzMyNTIwNTAyLCJleHAiOjE3MzI1MjExMDJ9.yRsLnJMbPQOufLw7KRSuov0LPW2niTpANHyaNBu7Zf0&entityType=USER\",\"status\":\"200\",\"responseTime\":\"1476.601\"}","timestamp":"2024-11-25T07:42:10.507Z"}
{"level":"\u001b[32minfo\u001b[39m","message":"{\"method\":\"POST\",\"url\":\"/api/v1/users/register\",\"status\":\"400\",\"responseTime\":\"1147.137\"}","timestamp":"2024-11-25T07:43:38.611Z"}
{"level":"\u001b[32minfo\u001b[39m","message":"{\"method\":\"GET\",\"url\":\"/api/v1/users/verify-email?token=eyJhbGciOiJIUzI1NiIsInR5cCI6IkpXVCJ9.eyJ1c2VyX2lkIjoiOTZlNWRiNGItN2VhOS00ZjFmLWI4OGMtZDJlNjkwODc4MmNjIiwiZW1haWwiOiJrb2hpd29rMTEwQGdpdGF0ZWQuY29tIiwiaWF0IjoxNzMyNTIwMzY2LCJleHAiOjE3MzI1MjA5NjZ9.nbgP7hq504Zl-K2S9YwHtJDoBTPgdZ14lxokd_gJpHo&entityType=undefined\",\"status\":\"400\",\"responseTime\":\"0.535\"}","timestamp":"2024-11-25T07:43:44.605Z"}
{"level":"\u001b[32minfo\u001b[39m","message":"{\"method\":\"GET\",\"url\":\"/api/v1/users/verify-email?token=eyJhbGciOiJIUzI1NiIsInR5cCI6IkpXVCJ9.eyJ1c2VyX2lkIjoiOTZlNWRiNGItN2VhOS00ZjFmLWI4OGMtZDJlNjkwODc4MmNjIiwiZW1haWwiOiJrb2hpd29rMTEwQGdpdGF0ZWQuY29tIiwiaWF0IjoxNzMyNTIwMzY2LCJleHAiOjE3MzI1MjA5NjZ9.nbgP7hq504Zl-K2S9YwHtJDoBTPgdZ14lxokd_gJpHo&entityType=undefined\",\"status\":\"400\",\"responseTime\":\"0.706\"}","timestamp":"2024-11-25T07:43:46.717Z"}
{"level":"\u001b[32minfo\u001b[39m","message":"{\"method\":\"GET\",\"url\":\"/api/v1/users/verify-email?token=eyJhbGciOiJIUzI1NiIsInR5cCI6IkpXVCJ9.eyJ1c2VyX2lkIjoiOTZlNWRiNGItN2VhOS00ZjFmLWI4OGMtZDJlNjkwODc4MmNjIiwiZW1haWwiOiJrb2hpd29rMTEwQGdpdGF0ZWQuY29tIiwiaWF0IjoxNzMyNTIwMzY2LCJleHAiOjE3MzI1MjA5NjZ9.nbgP7hq504Zl-K2S9YwHtJDoBTPgdZ14lxokd_gJpHo&entityType=undefined\",\"status\":\"400\",\"responseTime\":\"0.319\"}","timestamp":"2024-11-25T07:43:48.650Z"}
{"level":"\u001b[32minfo\u001b[39m","message":"{\"method\":\"GET\",\"url\":\"/api/v1/users/verify-email?token=eyJhbGciOiJIUzI1NiIsInR5cCI6IkpXVCJ9.eyJ1c2VyX2lkIjoiOTZlNWRiNGItN2VhOS00ZjFmLWI4OGMtZDJlNjkwODc4MmNjIiwiZW1haWwiOiJrb2hpd29rMTEwQGdpdGF0ZWQuY29tIiwiaWF0IjoxNzMyNTIwMzY2LCJleHAiOjE3MzI1MjA5NjZ9.nbgP7hq504Zl-K2S9YwHtJDoBTPgdZ14lxokd_gJpHo&entityType=USER\",\"status\":\"200\",\"responseTime\":\"1018.081\"}","timestamp":"2024-11-25T07:44:00.265Z"}
{"level":"\u001b[32minfo\u001b[39m","message":"{\"method\":\"POST\",\"url\":\"/api/v1/vendor/logout\",\"status\":\"404\",\"responseTime\":\"2.526\"}","timestamp":"2024-11-25T08:12:38.672Z"}
{"level":"\u001b[32minfo\u001b[39m","message":"{\"method\":\"POST\",\"url\":\"/api/v1/vendors/logout\",\"status\":\"404\",\"responseTime\":\"0.723\"}","timestamp":"2024-11-25T08:14:47.023Z"}
{"level":"\u001b[32minfo\u001b[39m","message":"{\"method\":\"POST\",\"url\":\"/api/v1/vendors/logout\",\"status\":\"404\",\"responseTime\":\"0.995\"}","timestamp":"2024-11-25T08:14:48.594Z"}
{"level":"\u001b[32minfo\u001b[39m","message":"{\"method\":\"GET\",\"url\":\"/api/v1/vendors/logout\",\"status\":\"401\",\"responseTime\":\"4.976\"}","timestamp":"2024-11-25T08:14:54.735Z"}
{"level":"\u001b[32minfo\u001b[39m","message":"{\"method\":\"POST\",\"url\":\"/api/v1/vendors/login\",\"status\":\"400\",\"responseTime\":\"4655.315\"}","timestamp":"2024-11-25T08:15:08.753Z"}
{"level":"\u001b[32minfo\u001b[39m","message":"{\"method\":\"POST\",\"url\":\"/api/v1/vendors/register\",\"status\":\"201\",\"responseTime\":\"6802.775\"}","timestamp":"2024-11-25T08:15:39.851Z"}
{"level":"\u001b[32minfo\u001b[39m","message":"{\"method\":\"GET\",\"url\":\"/api/v1/vendors/verify-email?token=eyJhbGciOiJIUzI1NiIsInR5cCI6IkpXVCJ9.eyJlbWFpbCI6ImtvaGl3b2sxMTBAZ2l0YXRlZC5jb20iLCJpYXQiOjE3MzI1MjI1MzUsImV4cCI6MTczMjUyMzEzNX0.GcyrUz8Pz4lEF3KhPnbg8gydUoqbPvIYQdpTXYT684E&entityType=undefined\",\"status\":\"400\",\"responseTime\":\"0.489\"}","timestamp":"2024-11-25T08:16:01.312Z"}
{"level":"\u001b[32minfo\u001b[39m","message":"{\"method\":\"POST\",\"url\":\"/api/v1/vendors/register\",\"status\":\"200\",\"responseTime\":\"6067.201\"}","timestamp":"2024-11-25T08:17:25.442Z"}
{"level":"\u001b[32minfo\u001b[39m","message":"{\"method\":\"GET\",\"url\":\"/api/v1/vendors/verify-email?token=eyJhbGciOiJIUzI1NiIsInR5cCI6IkpXVCJ9.eyJlbWFpbCI6ImtvaGl3b2sxMTBAZ2l0YXRlZC5jb20iLCJpYXQiOjE3MzI1MjI1MzUsImV4cCI6MTczMjUyMzEzNX0.GcyrUz8Pz4lEF3KhPnbg8gydUoqbPvIYQdpTXYT684E&entityType=vendor\",\"status\":\"200\",\"responseTime\":\"1549.789\"}","timestamp":"2024-11-25T08:17:42.419Z"}
{"level":"\u001b[32minfo\u001b[39m","message":"{\"method\":\"POST\",\"url\":\"/api/v1/vendors/login\",\"status\":\"400\",\"responseTime\":\"3965.671\"}","timestamp":"2024-11-25T08:18:30.522Z"}
{"level":"\u001b[32minfo\u001b[39m","message":"{\"method\":\"GET\",\"url\":\"/api/v1/vendors/verify-email?token=eyJhbGciOiJIUzI1NiIsInR5cCI6IkpXVCJ9.eyJlbWFpbCI6ImtvaGl3b2sxMTBAZ2l0YXRlZC5jb20iLCJpYXQiOjE3MzI1MjI3MDcsImV4cCI6MTczMjUyMzMwN30.LPolMytrI1fWbid30j5Y2P8i6VeRg53QkTQcHj9HNS0&entityType=vendor\",\"status\":\"200\",\"responseTime\":\"57.426\"}","timestamp":"2024-11-25T08:19:09.354Z"}
{"level":"\u001b[32minfo\u001b[39m","message":"{\"method\":\"POST\",\"url\":\"/api/v1/vendors/login\",\"status\":\"400\",\"responseTime\":\"3166.132\"}","timestamp":"2024-11-25T08:19:21.081Z"}
{"level":"\u001b[32minfo\u001b[39m","message":"{\"method\":\"POST\",\"url\":\"/api/v1/vendors/login\",\"status\":\"200\",\"responseTime\":\"1206.499\"}","timestamp":"2024-11-25T08:20:58.839Z"}
{"level":"\u001b[32minfo\u001b[39m","message":"{\"method\":\"GET\",\"url\":\"/api/v1/vendors/logout\",\"status\":\"400\",\"responseTime\":\"2.134\"}","timestamp":"2024-11-25T08:21:32.710Z"}
{"level":"\u001b[32minfo\u001b[39m","message":"{\"method\":\"GET\",\"url\":\"/api/v1/vendors/logout\",\"status\":\"400\",\"responseTime\":\"4.150\"}","timestamp":"2024-11-25T08:22:15.060Z"}
{"level":"\u001b[32minfo\u001b[39m","message":"{\"method\":\"GET\",\"url\":\"/api/v1/vendors/logout\",\"status\":\"400\",\"responseTime\":\"5.525\"}","timestamp":"2024-11-25T08:22:42.544Z"}
{"level":"\u001b[32minfo\u001b[39m","message":"{\"method\":\"GET\",\"url\":\"/api/v1/vendors/logout\",\"status\":\"400\",\"responseTime\":\"6.108\"}","timestamp":"2024-11-25T08:25:18.153Z"}
{"level":"\u001b[32minfo\u001b[39m","message":"{\"method\":\"GET\",\"url\":\"/api/v1/vendors/logout\",\"status\":\"400\",\"responseTime\":\"7.889\"}","timestamp":"2024-11-25T08:26:07.266Z"}
{"level":"\u001b[32minfo\u001b[39m","message":"{\"method\":\"GET\",\"url\":\"/api/v1/vendors/logout\",\"status\":\"400\",\"responseTime\":\"6.649\"}","timestamp":"2024-11-25T08:27:29.110Z"}
{"level":"\u001b[32minfo\u001b[39m","message":"{\"method\":\"POST\",\"url\":\"/api/v1/vendors/logout\",\"status\":\"400\",\"responseTime\":\"5.095\"}","timestamp":"2024-11-25T08:30:06.276Z"}
{"level":"\u001b[32minfo\u001b[39m","message":"{\"method\":\"POST\",\"url\":\"/api/v1/vendors/logout\",\"status\":\"400\",\"responseTime\":\"2.334\"}","timestamp":"2024-11-25T08:30:08.456Z"}
{"level":"\u001b[32minfo\u001b[39m","message":"{\"method\":\"POST\",\"url\":\"/api/v1/vendors/logout\",\"status\":\"400\",\"responseTime\":\"8.276\"}","timestamp":"2024-11-25T08:31:14.702Z"}
{"level":"\u001b[32minfo\u001b[39m","message":"{\"method\":\"POST\",\"url\":\"/api/v1/vendors/logout\",\"status\":\"200\",\"responseTime\":\"834.476\"}","timestamp":"2024-11-25T08:32:30.213Z"}
{"level":"\u001b[32minfo\u001b[39m","message":"{\"method\":\"POST\",\"url\":\"/api/v1/vendors/login\",\"status\":\"200\",\"responseTime\":\"771.813\"}","timestamp":"2024-11-25T08:32:41.767Z"}
{"level":"\u001b[32minfo\u001b[39m","message":"{\"method\":\"POST\",\"url\":\"/api/v1/vendors/logout\",\"status\":\"200\",\"responseTime\":\"193.137\"}","timestamp":"2024-11-25T08:32:53.672Z"}
{"level":"\u001b[32minfo\u001b[39m","message":"{\"method\":\"POST\",\"url\":\"/api/v1/vendors/login\",\"status\":\"200\",\"responseTime\":\"313.922\"}","timestamp":"2024-11-25T08:33:45.998Z"}
{"level":"\u001b[32minfo\u001b[39m","message":"{\"method\":\"POST\",\"url\":\"/api/v1/vendors/logout\",\"status\":\"200\",\"responseTime\":\"201.820\"}","timestamp":"2024-11-25T08:34:01.010Z"}
{"level":"\u001b[32minfo\u001b[39m","message":"{\"method\":\"POST\",\"url\":\"/api/v1/vendors/request-password-reset\",\"status\":\"400\",\"responseTime\":\"8.348\"}","timestamp":"2024-11-25T09:04:41.970Z"}
{"level":"\u001b[32minfo\u001b[39m","message":"{\"method\":\"POST\",\"url\":\"/api/v1/vendors/request-password-reset\",\"status\":\"200\",\"responseTime\":\"6291.548\"}","timestamp":"2024-11-25T09:06:34.200Z"}
{"level":"\u001b[32minfo\u001b[39m","message":"{\"method\":\"GET\",\"url\":\"/api/v1/vendors/reset-password?token=eyJhbGciOiJIUzI1NiIsInR5cCI6IkpXVCJ9.eyJpYXQiOjE3MzI1MjU1ODgsImV4cCI6MTczMjUyNjE4OH0.VnNRuZCySvb8klO_IsZwVYPicsTvV3YJ1ZPpGUiILzU\",\"status\":\"404\",\"responseTime\":\"1.363\"}","timestamp":"2024-11-25T09:07:27.385Z"}
{"level":"\u001b[32minfo\u001b[39m","message":"{\"method\":\"POST\",\"url\":\"/api/v1/vendors/request-password-reset\",\"status\":\"200\",\"responseTime\":\"4691.488\"}","timestamp":"2024-11-25T10:35:00.204Z"}
{"level":"\u001b[32minfo\u001b[39m","message":"{\"method\":\"GET\",\"url\":\"/api/v1/vendors/reset-password?token=eyJhbGciOiJIUzI1NiIsInR5cCI6IkpXVCJ9.eyJpYXQiOjE3MzI1MzA4OTYsImV4cCI6MTczMjUzMTQ5Nn0.A4UWgQbUpsYsXBddxbUBtWAzM-fTxwOIQuX-TRBFEKw\",\"status\":\"404\",\"responseTime\":\"1.370\"}","timestamp":"2024-11-25T10:35:21.762Z"}
{"level":"\u001b[32minfo\u001b[39m","message":"{\"method\":\"POST\",\"url\":\"/api/v1/vendors/reset-password?token=eyJhbGciOiJIUzI1NiIsInR5cCI6IkpXVCJ9.eyJpYXQiOjE3MzI1MzA4OTYsImV4cCI6MTczMjUzMTQ5Nn0.A4UWgQbUpsYsXBddxbUBtWAzM-fTxwOIQuX-TRBFEKw\",\"status\":\"500\",\"responseTime\":\"191.326\"}","timestamp":"2024-11-25T10:37:04.051Z"}
{"level":"\u001b[32minfo\u001b[39m","message":"{\"method\":\"POST\",\"url\":\"/api/v1/vendors/reset-password?token=eyJhbGciOiJIUzI1NiIsInR5cCI6IkpXVCJ9.eyJpYXQiOjE3MzI1MzA4OTYsImV4cCI6MTczMjUzMTQ5Nn0.A4UWgQbUpsYsXBddxbUBtWAzM-fTxwOIQuX-TRBFEKw\",\"status\":\"500\",\"responseTime\":\"170.663\"}","timestamp":"2024-11-25T10:37:57.932Z"}
{"level":"\u001b[32minfo\u001b[39m","message":"{\"method\":\"POST\",\"url\":\"/api/v1/vendors/reset-password?token=eyJhbGciOiJIUzI1NiIsInR5cCI6IkpXVCJ9.eyJpYXQiOjE3MzI1MzA4OTYsImV4cCI6MTczMjUzMTQ5Nn0.A4UWgQbUpsYsXBddxbUBtWAzM-fTxwOIQuX-TRBFEKw\",\"status\":\"500\",\"responseTime\":\"11.813\"}","timestamp":"2024-11-25T10:45:21.955Z"}
{"level":"\u001b[32minfo\u001b[39m","message":"{\"method\":\"POST\",\"url\":\"/api/v1/vendors/request-password-reset\",\"status\":\"200\",\"responseTime\":\"4419.505\"}","timestamp":"2024-11-25T10:45:37.201Z"}
{"level":"\u001b[32minfo\u001b[39m","message":"{\"method\":\"GET\",\"url\":\"/api/v1/vendors/reset-password?token=eyJhbGciOiJIUzI1NiIsInR5cCI6IkpXVCJ9.eyJpZCI6IjY3NDQzMjI2NWZiZTkwMDg3M2VmY2Y1YiIsImlhdCI6MTczMjUzMTUzMywiZXhwIjoxNzMyNTMyMTMzfQ.9-LJTcsx_9_ny1NlbN3adtu4jLw0vG-_C-5bxmFCaKk\",\"status\":\"404\",\"responseTime\":\"1.672\"}","timestamp":"2024-11-25T10:45:57.622Z"}
{"level":"\u001b[32minfo\u001b[39m","message":"{\"method\":\"POST\",\"url\":\"/api/v1/vendors/reset-password?token=eyJhbGciOiJIUzI1NiIsInR5cCI6IkpXVCJ9.eyJpZCI6IjY3NDQzMjI2NWZiZTkwMDg3M2VmY2Y1YiIsImlhdCI6MTczMjUzMTUzMywiZXhwIjoxNzMyNTMyMTMzfQ.9-LJTcsx_9_ny1NlbN3adtu4jLw0vG-_C-5bxmFCaKk\",\"status\":\"200\",\"responseTime\":\"873.461\"}","timestamp":"2024-11-25T10:46:21.009Z"}
{"level":"\u001b[32minfo\u001b[39m","message":"{\"method\":\"GET\",\"url\":\"/api/v1/users/verify-email?token=eyJhbGciOiJIUzI1NiIsInR5cCI6IkpXVCJ9.eyJ1c2VyX2lkIjoiNzQ5Y2JkNDUtNjY5MS00ZDU4LWJlMWYtNjk0NWQwN2FhZWE0IiwiZW1haWwiOiJuYWRleGV4MjEwQGdpdGF0ZWQuY29tIiwiaWF0IjoxNzMyMTIwNDgyLCJleHAiOjE3MzIxMjEwODJ9.XIFgNCaEfOiMW_JQaMDYuFIUe9WqFf8B3AUqitemGsU\",\"status\":\"400\",\"responseTime\":\"20.139\"}","timestamp":"2024-11-25T13:29:53.355Z"}
{"level":"\u001b[32minfo\u001b[39m","message":"{\"method\":\"GET\",\"url\":\"/api/v1/users/reset-password?token=eyJhbGciOiJIUzI1NiIsInR5cCI6IkpXVCJ9.eyJ1c2VyX2lkIjoiNzQ5Y2JkNDUtNjY5MS00ZDU4LWJlMWYtNjk0NWQwN2FhZWE0IiwiaWF0IjoxNzMyMTgwNjYxLCJleHAiOjE3MzIxODEyNjF9.6gR93caeM_FHydlC-ho_KoigoOc1MH2NvAzWeBMJhHU\",\"status\":\"404\",\"responseTime\":\"8.645\"}","timestamp":"2024-11-25T13:30:03.913Z"}
{"level":"\u001b[32minfo\u001b[39m","message":"{\"method\":\"GET\",\"url\":\"/api/v1/vendors/refresh-access-token\",\"status\":\"500\",\"responseTime\":\"10.928\"}","timestamp":"2024-11-26T04:31:28.276Z"}
{"level":"\u001b[32minfo\u001b[39m","message":"{\"method\":\"POST\",\"url\":\"/api/v1/vendors/login\",\"status\":\"200\",\"responseTime\":\"1628.223\"}","timestamp":"2024-11-26T04:32:14.068Z"}
{"level":"\u001b[32minfo\u001b[39m","message":"{\"method\":\"POST\",\"url\":\"/api/v1/vendors/login\",\"status\":\"200\",\"responseTime\":\"1654.888\"}","timestamp":"2024-11-26T04:34:20.656Z"}
{"level":"\u001b[32minfo\u001b[39m","message":"{\"method\":\"GET\",\"url\":\"/api/v1/vendors/refresh-access-token\",\"status\":\"500\",\"responseTime\":\"267.580\"}","timestamp":"2024-11-26T04:35:12.948Z"}
{"level":"\u001b[32minfo\u001b[39m","message":"{\"method\":\"GET\",\"url\":\"/api/v1/vendors/refresh-access-token\",\"status\":\"500\",\"responseTime\":\"236.904\"}","timestamp":"2024-11-26T04:37:55.116Z"}
{"level":"\u001b[32minfo\u001b[39m","message":"{\"method\":\"GET\",\"url\":\"/api/v1/vendors/refresh-access-token\",\"status\":\"500\",\"responseTime\":\"11.742\"}","timestamp":"2024-11-26T04:37:57.013Z"}
{"level":"\u001b[32minfo\u001b[39m","message":"{\"method\":\"GET\",\"url\":\"/api/v1/vendors/refresh-access-token\",\"status\":\"500\",\"responseTime\":\"183.860\"}","timestamp":"2024-11-26T04:38:49.268Z"}
{"level":"\u001b[32minfo\u001b[39m","message":"{\"method\":\"GET\",\"url\":\"/api/v1/vendors/refresh-access-token\",\"status\":\"500\",\"responseTime\":\"270.964\"}","timestamp":"2024-11-26T04:39:58.234Z"}
{"level":"\u001b[32minfo\u001b[39m","message":"{\"method\":\"POST\",\"url\":\"/api/v1/vendors/login\",\"status\":\"200\",\"responseTime\":\"2759.365\"}","timestamp":"2024-11-26T04:41:01.705Z"}
{"level":"\u001b[32minfo\u001b[39m","message":"{\"method\":\"GET\",\"url\":\"/api/v1/vendors/refresh-access-token\",\"status\":\"201\",\"responseTime\":\"1269.759\"}","timestamp":"2024-11-26T04:41:08.741Z"}
{"level":"\u001b[32minfo\u001b[39m","message":"{\"method\":\"PATCH\",\"url\":\"/api/v1/vendors/update-vendor\",\"status\":\"500\",\"responseTime\":\"196.155\"}","timestamp":"2024-11-26T07:02:10.182Z"}
{"level":"\u001b[32minfo\u001b[39m","message":"{\"method\":\"PATCH\",\"url\":\"/api/v1/vendors/update-vendor\",\"status\":\"500\",\"responseTime\":\"157.733\"}","timestamp":"2024-11-26T07:08:40.550Z"}
{"level":"\u001b[32minfo\u001b[39m","message":"{\"method\":\"PATCH\",\"url\":\"/api/v1/vendors/update-vendor\",\"status\":\"500\",\"responseTime\":\"7.697\"}","timestamp":"2024-11-26T07:08:41.987Z"}
{"level":"\u001b[32minfo\u001b[39m","message":"{\"method\":\"PATCH\",\"url\":\"/api/v1/vendors/update-vendor\",\"status\":\"500\",\"responseTime\":\"7.778\"}","timestamp":"2024-11-26T07:10:07.100Z"}
{"level":"\u001b[32minfo\u001b[39m","message":"{\"method\":\"PATCH\",\"url\":\"/api/v1/vendors/update-vendor\",\"status\":\"500\",\"responseTime\":\"204.544\"}","timestamp":"2024-11-26T07:10:52.355Z"}
{"level":"\u001b[32minfo\u001b[39m","message":"{\"method\":\"PATCH\",\"url\":\"/api/v1/vendors/update-vendor\",\"status\":\"200\",\"responseTime\":\"1094.456\"}","timestamp":"2024-11-26T07:14:20.187Z"}
{"level":"\u001b[32minfo\u001b[39m","message":"{\"method\":\"PATCH\",\"url\":\"/api/v1/vendors/update-vendor\",\"status\":\"400\",\"responseTime\":\"8.462\"}","timestamp":"2024-11-26T07:14:52.564Z"}
{"level":"\u001b[32minfo\u001b[39m","message":"{\"method\":\"PATCH\",\"url\":\"/api/v1/vendors/update-vendor\",\"status\":\"200\",\"responseTime\":\"273.185\"}","timestamp":"2024-11-26T07:16:50.106Z"}
{"level":"\u001b[32minfo\u001b[39m","message":"{\"method\":\"PATCH\",\"url\":\"/api/v1/users/update-user\",\"status\":\"500\",\"responseTime\":\"875.349\"}","timestamp":"2024-11-26T07:54:35.075Z"}
{"level":"\u001b[32minfo\u001b[39m","message":"{\"method\":\"PATCH\",\"url\":\"/api/v1/users/update-user\",\"status\":\"500\",\"responseTime\":\"125.809\"}","timestamp":"2024-11-26T07:56:31.721Z"}
{"level":"\u001b[32minfo\u001b[39m","message":"{\"method\":\"PATCH\",\"url\":\"/api/v1/users/update-user\",\"status\":\"200\",\"responseTime\":\"433.406\"}","timestamp":"2024-11-26T07:56:47.815Z"}
{"level":"\u001b[32minfo\u001b[39m","message":"{\"method\":\"POST\",\"url\":\"/api/v1/users/logout\",\"status\":\"400\",\"responseTime\":\"0.962\"}","timestamp":"2024-11-26T07:56:57.622Z"}
{"level":"\u001b[32minfo\u001b[39m","message":"{\"method\":\"POST\",\"url\":\"/api/v1/users/logout\",\"status\":\"400\",\"responseTime\":\"35.152\"}","timestamp":"2024-11-26T07:57:59.711Z"}
{"level":"\u001b[32minfo\u001b[39m","message":"{\"method\":\"POST\",\"url\":\"/api/v1/users/logout\",\"status\":\"400\",\"responseTime\":\"15.551\"}","timestamp":"2024-11-26T08:05:20.062Z"}
{"level":"\u001b[32minfo\u001b[39m","message":"{\"method\":\"POST\",\"url\":\"/api/v1/users/logout\",\"status\":\"500\",\"responseTime\":\"1094.331\"}","timestamp":"2024-11-26T08:05:52.392Z"}
{"level":"\u001b[32minfo\u001b[39m","message":"{\"method\":\"POST\",\"url\":\"/api/v1/users/logout\",\"status\":\"500\",\"responseTime\":\"229.574\"}","timestamp":"2024-11-26T08:06:22.294Z"}
{"level":"\u001b[32minfo\u001b[39m","message":"{\"method\":\"POST\",\"url\":\"/api/v1/users/login\",\"status\":\"500\",\"responseTime\":\"5200.292\"}","timestamp":"2024-11-26T08:06:54.884Z"}
{"level":"\u001b[32minfo\u001b[39m","message":"{\"method\":\"POST\",\"url\":\"/api/v1/users/register\",\"status\":\"400\",\"responseTime\":\"1095.527\"}","timestamp":"2024-11-26T08:07:54.849Z"}
{"level":"\u001b[32minfo\u001b[39m","message":"{\"method\":\"POST\",\"url\":\"/api/v1/users/login\",\"status\":\"500\",\"responseTime\":\"6793.162\"}","timestamp":"2024-11-26T08:08:18.979Z"}
{"level":"\u001b[32minfo\u001b[39m","message":"{\"method\":\"GET\",\"url\":\"/api/v1/users/verify-email?token=eyJhbGciOiJIUzI1NiIsInR5cCI6IkpXVCJ9.eyJ1c2VyX2lkIjoiOTZlNWRiNGItN2VhOS00ZjFmLWI4OGMtZDJlNjkwODc4MmNjIiwiZW1haWwiOiJrb2hpd29rMTEwQGdpdGF0ZWQuY29tIiwiaWF0IjoxNzMyNjA4NDkzLCJleHAiOjE3MzI2MDkwOTN9.FiKNBBEuMzir5pHr1s8el_F6_frb_n78m0MTr2AuoO0&entityType=USER\",\"status\":\"200\",\"responseTime\":\"986.097\"}","timestamp":"2024-11-26T08:08:54.072Z"}
{"level":"\u001b[32minfo\u001b[39m","message":"{\"method\":\"POST\",\"url\":\"/api/v1/users/login\",\"status\":\"500\",\"responseTime\":\"4297.039\"}","timestamp":"2024-11-26T08:09:20.740Z"}
{"level":"\u001b[32minfo\u001b[39m","message":"{\"method\":\"POST\",\"url\":\"/api/v1/users/login\",\"status\":\"200\",\"responseTime\":\"1358.633\"}","timestamp":"2024-11-26T08:10:54.787Z"}
{"level":"\u001b[32minfo\u001b[39m","message":"{\"method\":\"POST\",\"url\":\"/api/v1/users/logout\",\"status\":\"200\",\"responseTime\":\"984.581\"}","timestamp":"2024-11-26T08:11:06.110Z"}
{"level":"\u001b[32minfo\u001b[39m","message":"{\"method\":\"POST\",\"url\":\"/api/v1/users/logout\",\"status\":\"401\",\"responseTime\":\"0.355\"}","timestamp":"2024-11-26T08:11:15.179Z"}
{"level":"\u001b[32minfo\u001b[39m","message":"{\"method\":\"PATCH\",\"url\":\"/api/v1/vendors/update-vendor\",\"status\":\"401\",\"responseTime\":\"0.391\"}","timestamp":"2024-11-26T08:11:58.557Z"}
{"level":"\u001b[32minfo\u001b[39m","message":"{\"method\":\"PATCH\",\"url\":\"/api/v1/vendors/update-vendor\",\"status\":\"401\",\"responseTime\":\"0.423\"}","timestamp":"2024-11-26T08:12:00.861Z"}
{"level":"\u001b[32minfo\u001b[39m","message":"{\"method\":\"PATCH\",\"url\":\"/api/v1/users/update-user\",\"status\":\"401\",\"responseTime\":\"0.363\"}","timestamp":"2024-11-26T08:12:13.738Z"}
{"level":"\u001b[32minfo\u001b[39m","message":"{\"method\":\"PATCH\",\"url\":\"/api/v1/users/update-user\",\"status\":\"401\",\"responseTime\":\"0.320\"}","timestamp":"2024-11-26T08:12:15.624Z"}
{"level":"\u001b[32minfo\u001b[39m","message":"{\"method\":\"POST\",\"url\":\"/api/v1/users/login\",\"status\":\"200\",\"responseTime\":\"411.496\"}","timestamp":"2024-11-26T08:12:19.184Z"}
{"level":"\u001b[32minfo\u001b[39m","message":"{\"method\":\"PATCH\",\"url\":\"/api/v1/users/update-user\",\"status\":\"200\",\"responseTime\":\"1090.391\"}","timestamp":"2024-11-26T08:12:23.233Z"}
{"level":"\u001b[32minfo\u001b[39m","message":"{\"method\":\"POST\",\"url\":\"/api/v1/vendors/logout\",\"status\":\"200\",\"responseTime\":\"1129.986\"}","timestamp":"2024-11-26T08:18:50.429Z"}
{"level":"\u001b[32minfo\u001b[39m","message":"{\"method\":\"POST\",\"url\":\"/api/v1/vendors/login\",\"status\":\"200\",\"responseTime\":\"1032.236\"}","timestamp":"2024-11-26T08:18:55.957Z"}
{"level":"\u001b[32minfo\u001b[39m","message":"{\"method\":\"PATCH\",\"url\":\"/api/v1/vendors/update-vendor\",\"status\":\"200\",\"responseTime\":\"1056.761\"}","timestamp":"2024-11-26T08:19:10.572Z"}
{"level":"\u001b[32minfo\u001b[39m","message":"{\"method\":\"POST\",\"url\":\"/api/v1/users/login\",\"status\":\"500\",\"responseTime\":\"920.393\"}","timestamp":"2024-11-26T12:05:20.533Z"}
{"level":"\u001b[32minfo\u001b[39m","message":"{\"method\":\"POST\",\"url\":\"/api/v1/users/register\",\"status\":\"500\",\"responseTime\":\"916.966\"}","timestamp":"2024-11-26T12:05:38.291Z"}
{"level":"\u001b[32minfo\u001b[39m","message":"{\"method\":\"POST\",\"url\":\"/api/v1/users/register\",\"status\":\"201\",\"responseTime\":\"6468.217\"}","timestamp":"2024-11-26T12:46:24.900Z"}
{"level":"\u001b[32minfo\u001b[39m","message":"{\"method\":\"POST\",\"url\":\"/api/v1/users/login\",\"status\":\"500\",\"responseTime\":\"4171.398\"}","timestamp":"2024-11-26T12:47:07.459Z"}
{"level":"\u001b[32minfo\u001b[39m","message":"{\"method\":\"GET\",\"url\":\"/api/v1/users/verify-email?token=eyJhbGciOiJIUzI1NiIsInR5cCI6IkpXVCJ9.eyJpZCI6IjkxOGUyY2Y4LWFlNDYtNGYwOC04MzY4LTc3MmRiNWY4YWMwMiIsImVtYWlsIjoia29oaXdvazExMEBnaXRhdGVkLmNvbSIsImlhdCI6MTczMjYyNTIyNCwiZXhwIjoxNzMyNjI1ODI0fQ.MDOeYU_fS9Tf68RHiPpHAd-Uu5qositqGCqKHMletH8&entityType=USER\",\"status\":\"200\",\"responseTime\":\"1241.365\"}","timestamp":"2024-11-26T12:47:49.455Z"}
{"level":"\u001b[32minfo\u001b[39m","message":"{\"method\":\"POST\",\"url\":\"/api/v1/users/login\",\"status\":\"200\",\"responseTime\":\"522.188\"}","timestamp":"2024-11-26T12:48:32.720Z"}
{"level":"\u001b[32minfo\u001b[39m","message":"{\"method\":\"POST\",\"url\":\"/api/v1/services/create\",\"status\":\"404\",\"responseTime\":\"6.184\"}","timestamp":"2024-11-27T05:19:20.006Z"}
{"level":"\u001b[32minfo\u001b[39m","message":"{\"method\":\"POST\",\"url\":\"/api/v1/services/create\",\"status\":\"404\",\"responseTime\":\"1.078\"}","timestamp":"2024-11-27T05:20:56.004Z"}
{"level":"\u001b[32minfo\u001b[39m","message":"{\"method\":\"POST\",\"url\":\"/api/v1/services/create\",\"status\":\"500\",\"responseTime\":\"763.881\"}","timestamp":"2024-11-27T05:22:35.916Z"}
{"level":"\u001b[32minfo\u001b[39m","message":"{\"method\":\"POST\",\"url\":\"/api/v1/services/create\",\"status\":\"201\",\"responseTime\":\"994.704\"}","timestamp":"2024-11-27T05:26:12.707Z"}
{"level":"\u001b[32minfo\u001b[39m","message":"{\"method\":\"POST\",\"url\":\"/api/v1/users/login\",\"status\":\"200\",\"responseTime\":\"2454.030\"}","timestamp":"2024-11-27T05:48:29.756Z"}
{"level":"\u001b[32minfo\u001b[39m","message":"{\"method\":\"POST\",\"url\":\"/api/v1/users/logout\",\"status\":\"200\",\"responseTime\":\"988.630\"}","timestamp":"2024-11-27T05:48:39.337Z"}
{"level":"\u001b[32minfo\u001b[39m","message":"{\"method\":\"POST\",\"url\":\"/api/v1/vendors/login\",\"status\":\"500\",\"responseTime\":\"3104.737\"}","timestamp":"2024-11-27T05:48:48.819Z"}
{"level":"\u001b[32minfo\u001b[39m","message":"{\"method\":\"POST\",\"url\":\"/api/v1/vendors/login\",\"status\":\"200\",\"responseTime\":\"1242.145\"}","timestamp":"2024-11-27T05:49:33.892Z"}
{"level":"\u001b[32minfo\u001b[39m","message":"{\"method\":\"POST\",\"url\":\"/api/v1/services/create\",\"status\":\"201\",\"responseTime\":\"1046.630\"}","timestamp":"2024-11-27T05:50:44.612Z"}
{"level":"\u001b[32minfo\u001b[39m","message":"{\"method\":\"POST\",\"url\":\"/api/v1/services/create\",\"status\":\"201\",\"responseTime\":\"938.373\"}","timestamp":"2024-11-27T05:53:32.027Z"}
{"level":"\u001b[32minfo\u001b[39m","message":"{\"method\":\"POST\",\"url\":\"/api/v1/services/update/6746b3db4af3cee4aaad1fb7\",\"status\":\"404\",\"responseTime\":\"2.017\"}","timestamp":"2024-11-27T06:36:39.999Z"}
{"level":"\u001b[32minfo\u001b[39m","message":"{\"method\":\"PATCH\",\"url\":\"/api/v1/services/update/6746b3db4af3cee4aaad1fb7\",\"status\":\"200\",\"responseTime\":\"2142.668\"}","timestamp":"2024-11-27T06:36:55.931Z"}
{"level":"\u001b[32minfo\u001b[39m","message":"{\"method\":\"PATCH\",\"url\":\"/api/v1/services/update/6746b3db4af3cee4aaad1fb7\",\"status\":\"200\",\"responseTime\":\"290.101\"}","timestamp":"2024-11-27T06:37:22.342Z"}
{"level":"\u001b[32minfo\u001b[39m","message":"{\"method\":\"PATCH\",\"url\":\"/api/v1/services/update/6746b3db4af3cee4aaad1fb7\",\"status\":\"500\",\"responseTime\":\"8.765\"}","timestamp":"2024-11-27T06:59:15.467Z"}
{"level":"\u001b[32minfo\u001b[39m","message":"{\"method\":\"PATCH\",\"url\":\"/api/v1/services/update/6746b3db4af3cee4aaad1fb7\",\"status\":\"500\",\"responseTime\":\"7.238\"}","timestamp":"2024-11-27T07:00:09.785Z"}
{"level":"\u001b[32minfo\u001b[39m","message":"{\"method\":\"PATCH\",\"url\":\"/api/v1/services/update/6746b3db4af3cee4aaad1fb7\",\"status\":\"500\",\"responseTime\":\"36.929\"}","timestamp":"2024-11-27T07:02:38.649Z"}
{"level":"\u001b[32minfo\u001b[39m","message":"{\"method\":\"POST\",\"url\":\"/api/v1/vendors/register\",\"status\":\"400\",\"responseTime\":\"916.268\"}","timestamp":"2024-11-27T07:03:23.048Z"}
{"level":"\u001b[32minfo\u001b[39m","message":"{\"method\":\"PATCH\",\"url\":\"/api/v1/users/update-user\",\"status\":\"200\",\"responseTime\":\"1174.472\"}","timestamp":"2024-11-27T07:03:56.559Z"}
{"level":"\u001b[32minfo\u001b[39m","message":"{\"method\":\"GET\",\"url\":\"/api/v1/vendors/update\",\"status\":\"404\",\"responseTime\":\"2.092\"}","timestamp":"2024-11-27T07:08:21.472Z"}
{"level":"\u001b[32minfo\u001b[39m","message":"{\"method\":\"DELETE\",\"url\":\"/api/v1/vendors/delete\",\"status\":\"500\",\"responseTime\":\"7.573\"}","timestamp":"2024-11-27T07:16:06.437Z"}
{"level":"\u001b[32minfo\u001b[39m","message":"{\"method\":\"DELETE\",\"url\":\"/api/v1/vendors/delete\",\"status\":\"500\",\"responseTime\":\"884.028\"}","timestamp":"2024-11-27T07:18:07.039Z"}
{"level":"\u001b[32minfo\u001b[39m","message":"{\"method\":\"DELETE\",\"url\":\"/api/v1/vendors/delete\",\"status\":\"200\",\"responseTime\":\"1252.634\"}","timestamp":"2024-11-27T07:24:08.174Z"}
{"level":"\u001b[32minfo\u001b[39m","message":"{\"method\":\"POST\",\"url\":\"/api/v1/vendors/register\",\"status\":\"201\",\"responseTime\":\"4564.766\"}","timestamp":"2024-11-27T07:24:22.834Z"}
{"level":"\u001b[32minfo\u001b[39m","message":"{\"method\":\"POST\",\"url\":\"/api/v1/vendors/register\",\"status\":\"200\",\"responseTime\":\"5475.580\"}","timestamp":"2024-11-27T07:42:49.935Z"}
{"level":"\u001b[32minfo\u001b[39m","message":"{\"method\":\"GET\",\"url\":\"/api/v1/vendors/verify-email?token=eyJhbGciOiJIUzI1NiIsInR5cCI6IkpXVCJ9.eyJpZCI6IjY3NDZjOTIzYjlhMWUwMWU3ZjBmNGY1OCIsImVtYWlsIjoia29oaXdvazExMEBnaXRhdGVkLmNvbSIsImlhdCI6MTczMjY5MzM2NSwiZXhwIjoxNzMyNjkzOTY1fQ.HtjEErh26MOEZOqgMzUVQI4UziewUwvdAaERThE0Y4Q&entityType=vendor\",\"status\":\"200\",\"responseTime\":\"881.173\"}","timestamp":"2024-11-27T07:43:17.714Z"}
{"level":"\u001b[32minfo\u001b[39m","message":"{\"method\":\"POST\",\"url\":\"/api/v1/vendors/login\",\"status\":\"200\",\"responseTime\":\"955.472\"}","timestamp":"2024-11-27T07:43:29.968Z"}
{"level":"\u001b[32minfo\u001b[39m","message":"{\"method\":\"PATCH\",\"url\":\"/api/v1/vendors/update-vendor\",\"status\":\"404\",\"responseTime\":\"1.628\"}","timestamp":"2024-11-27T07:43:40.813Z"}
{"level":"\u001b[32minfo\u001b[39m","message":"{\"method\":\"PATCH\",\"url\":\"/api/v1/vendors/update\",\"status\":\"200\",\"responseTime\":\"881.218\"}","timestamp":"2024-11-27T07:44:00.085Z"}
{"level":"\u001b[32minfo\u001b[39m","message":"{\"method\":\"POST\",\"url\":\"/api/v1/vendors/logout\",\"status\":\"200\",\"responseTime\":\"2565.119\"}","timestamp":"2024-11-27T07:44:17.637Z"}
{"level":"\u001b[32minfo\u001b[39m","message":"{\"method\":\"POST\",\"url\":\"/api/v1/services/create\",\"status\":\"401\",\"responseTime\":\"0.593\"}","timestamp":"2024-11-27T07:44:22.482Z"}
{"level":"\u001b[32minfo\u001b[39m","message":"{\"method\":\"POST\",\"url\":\"/api/v1/services/create\",\"status\":\"401\",\"responseTime\":\"0.257\"}","timestamp":"2024-11-27T07:44:24.634Z"}
{"level":"\u001b[32minfo\u001b[39m","message":"{\"method\":\"POST\",\"url\":\"/api/v1/services/create\",\"status\":\"401\",\"responseTime\":\"0.222\"}","timestamp":"2024-11-27T07:44:25.863Z"}
{"level":"\u001b[32minfo\u001b[39m","message":"{\"method\":\"POST\",\"url\":\"/api/v1/users/login\",\"status\":\"200\",\"responseTime\":\"1858.546\"}","timestamp":"2024-11-27T07:44:35.206Z"}
{"level":"\u001b[32minfo\u001b[39m","message":"{\"method\":\"POST\",\"url\":\"/api/v1/services/create\",\"status\":\"201\",\"responseTime\":\"793.947\"}","timestamp":"2024-11-27T07:44:41.022Z"}
{"level":"\u001b[32minfo\u001b[39m","message":"{\"method\":\"PATCH\",\"url\":\"/api/v1/services/update/6746b3db4af3cee4aaad1fb7\",\"status\":\"403\",\"responseTime\":\"9.470\"}","timestamp":"2024-11-27T07:45:08.755Z"}
{"level":"\u001b[32minfo\u001b[39m","message":"{\"method\":\"PATCH\",\"url\":\"/api/v1/services/update/6746b3db4af3cee4aaad1fb7\",\"status\":\"403\",\"responseTime\":\"15.861\"}","timestamp":"2024-11-27T07:49:03.776Z"}
{"level":"\u001b[32minfo\u001b[39m","message":"{\"method\":\"POST\",\"url\":\"/api/v1/services/create\",\"status\":\"403\",\"responseTime\":\"3.296\"}","timestamp":"2024-11-27T07:49:08.513Z"}
{"level":"\u001b[32minfo\u001b[39m","message":"{\"method\":\"GET\",\"url\":\"/api/v1/services/\",\"status\":\"403\",\"responseTime\":\"7.954\"}","timestamp":"2024-11-27T07:59:10.376Z"}
{"level":"\u001b[32minfo\u001b[39m","message":"{\"method\":\"POST\",\"url\":\"/api/v1/services/create\",\"status\":\"403\",\"responseTime\":\"4.617\"}","timestamp":"2024-11-27T07:59:27.187Z"}
{"level":"\u001b[32minfo\u001b[39m","message":"{\"method\":\"POST\",\"url\":\"/api/v1/vendors/login\",\"status\":\"200\",\"responseTime\":\"955.334\"}","timestamp":"2024-11-27T07:59:33.361Z"}
{"level":"\u001b[32minfo\u001b[39m","message":"{\"method\":\"GET\",\"url\":\"/api/v1/services/\",\"status\":\"403\",\"responseTime\":\"3.047\"}","timestamp":"2024-11-27T07:59:48.017Z"}
{"level":"\u001b[32minfo\u001b[39m","message":"{\"method\":\"GET\",\"url\":\"/api/v1/services/\",\"status\":\"403\",\"responseTime\":\"2.825\"}","timestamp":"2024-11-27T07:59:51.299Z"}
{"level":"\u001b[32minfo\u001b[39m","message":"{\"method\":\"GET\",\"url\":\"/api/v1/services/\",\"status\":\"403\",\"responseTime\":\"2.220\"}","timestamp":"2024-11-27T07:59:56.098Z"}
{"level":"\u001b[32minfo\u001b[39m","message":"{\"method\":\"POST\",\"url\":\"/api/v1/vendors/login\",\"status\":\"200\",\"responseTime\":\"319.302\"}","timestamp":"2024-11-27T08:00:02.118Z"}
{"level":"\u001b[32minfo\u001b[39m","message":"{\"method\":\"POST\",\"url\":\"/api/v1/services/create\",\"status\":\"403\",\"responseTime\":\"2.615\"}","timestamp":"2024-11-27T08:00:12.864Z"}
{"level":"\u001b[32minfo\u001b[39m","message":"{\"method\":\"GET\",\"url\":\"/api/v1/services/\",\"status\":\"403\",\"responseTime\":\"2.711\"}","timestamp":"2024-11-27T08:00:22.552Z"}
{"level":"\u001b[32minfo\u001b[39m","message":"{\"method\":\"GET\",\"url\":\"/api/v1/services/\",\"status\":\"403\",\"responseTime\":\"8.327\"}","timestamp":"2024-11-27T08:02:34.906Z"}
{"level":"\u001b[32minfo\u001b[39m","message":"{\"method\":\"GET\",\"url\":\"/api/v1/services/\",\"status\":\"403\",\"responseTime\":\"2.908\"}","timestamp":"2024-11-27T08:02:37.438Z"}
{"level":"\u001b[32minfo\u001b[39m","message":"{\"method\":\"GET\",\"url\":\"/api/v1/services/\",\"status\":\"500\",\"responseTime\":\"8.312\"}","timestamp":"2024-11-27T08:04:24.855Z"}
{"level":"\u001b[32minfo\u001b[39m","message":"{\"method\":\"GET\",\"url\":\"/api/v1/services/\",\"status\":\"403\",\"responseTime\":\"6.604\"}","timestamp":"2024-11-27T08:04:54.408Z"}
{"level":"\u001b[32minfo\u001b[39m","message":"{\"method\":\"GET\",\"url\":\"/api/v1/services/\",\"status\":\"403\",\"responseTime\":\"9.565\"}","timestamp":"2024-11-27T08:06:04.479Z"}
{"level":"\u001b[32minfo\u001b[39m","message":"{\"method\":\"GET\",\"url\":\"/api/v1/services/\",\"status\":\"500\",\"responseTime\":\"26.118\"}","timestamp":"2024-11-27T08:09:40.672Z"}
{"level":"\u001b[32minfo\u001b[39m","message":"{\"method\":\"GET\",\"url\":\"/api/v1/services/\",\"status\":\"200\",\"responseTime\":\"616.904\"}","timestamp":"2024-11-27T08:10:10.515Z"}
{"level":"\u001b[32minfo\u001b[39m","message":"{\"method\":\"POST\",\"url\":\"/api/v1/services/create\",\"status\":\"201\",\"responseTime\":\"846.759\"}","timestamp":"2024-11-27T08:10:44.611Z"}
{"level":"\u001b[32minfo\u001b[39m","message":"{\"method\":\"GET\",\"url\":\"/api/v1/services/\",\"status\":\"200\",\"responseTime\":\"94.590\"}","timestamp":"2024-11-27T08:10:48.291Z"}
